<?xml version="1.0" encoding="UTF-8"?>
<!-- Generated by org.testng.reporters.JUnitReportReporter -->
<testsuite hostname="Siyaram" failures="0" tests="1" name="product_Module.ToCreateAProductTest" time="18.771" errors="0" timestamp="2023-10-27T21:16:52 IST" skipped="0">
  <testcase classname="product_Module.ToCreateAProductTest" name="toCreateAProductWithVendorInformation" time="18.771"/>
</testsuite> <!-- product_Module.ToCreateAProductTest -->
