<?xml version="1.0" encoding="UTF-8"?>
<!-- Generated by org.testng.reporters.JUnitReportReporter -->
<testsuite hostname="Siyaram" failures="0" tests="1" name="leads_Module.ToCreatLeadTest" time="24.078" errors="0" timestamp="2023-10-30T15:27:47 IST" skipped="0">
  <testcase classname="leads_Module.ToCreatLeadTest" name="toCreateALeadAndToVerifyTheLeadInformation" time="24.078"/>
</testsuite> <!-- leads_Module.ToCreatLeadTest -->
